2024-08-26 11:23:52,404 [INFO] Activator:176 - 


2024-08-26 11:23:52,408 [INFO] Activator:177 - !SESSION log4j initialized
2024-08-26 11:23:57,494 [INFO] LogOutputStream:77 - [STDOUT_REDIRECT] 
2024-08-26 11:23:59,755 [INFO] ApplicationProperties:184 - Using Application install path: C:\ST\STM32CubeIDE_1.15.1\STM32CubeIDE\plugins\com.st.stm32cube.common.mx_6.11.1.202404110753
2024-08-26 11:23:59,776 [INFO] DbMcusXml:78 - Set database path to: C:\ST\STM32CubeIDE_1.15.1\STM32CubeIDE\plugins\com.st.stm32cube.common.mx_6.11.1.202404110753\\db\/mcu/
2024-08-26 11:23:59,777 [INFO] ApiDb:274 - Set plugin database path to: C:\ST\STM32CubeIDE_1.15.1\STM32CubeIDE\plugins\com.st.stm32cube.common.mx_6.11.1.202404110753\\db\/plugins/boardmanager/
2024-08-26 11:23:59,777 [WARN] ApiDb:259 - Overriding images path with different value:  => C:\ST\STM32CubeIDE_1.15.1\STM32CubeIDE\plugins\com.st.stm32cube.common.mx_6.11.1.202404110753\\db\/plugins/mcufinder/images/
2024-08-26 11:23:59,783 [INFO] ApiDb:250 - Set database path to: C:\Users\Lenovo\.stmcufinder\plugins\mcufinder//mcu/
2024-08-26 11:23:59,786 [INFO] DbMcusAds:125 - Set database path to: C:\Users\Lenovo\.stmcufinder\plugins\mcufinder//mcu/
2024-08-26 11:23:59,789 [INFO] CrossReferenceDbSqlite:203 - Set database path to: C:\Users\Lenovo\.stmcufinder\plugins\mcufinder//mcu/cs/
2024-08-26 11:23:59,898 [INFO] RulesReader:64 - Compatibility file has been processed (297 Rules)
2024-08-26 11:23:59,968 [INFO] DbMcusXml:78 - Set database path to: C:\ST\STM32CubeIDE_1.15.1\STM32CubeIDE\plugins\com.st.stm32cube.common.mx_6.11.1.202404110753\\db\/mcu/
2024-08-26 11:23:59,968 [INFO] ApiDb:274 - Set plugin database path to: C:\ST\STM32CubeIDE_1.15.1\STM32CubeIDE\plugins\com.st.stm32cube.common.mx_6.11.1.202404110753\\db\/plugins/boardmanager/
2024-08-26 11:23:59,968 [INFO] ApiDb:261 - Set plugin images path to: C:\ST\STM32CubeIDE_1.15.1\STM32CubeIDE\plugins\com.st.stm32cube.common.mx_6.11.1.202404110753\\db\/plugins/mcufinder/images/
2024-08-26 11:23:59,968 [WARN] DbFile:41 - Overriding database path with different value: C:\Users\Lenovo\.stmcufinder\plugins\mcufinder/ => C:\Users\Lenovo\.stmcufinder\plugins\mcufinder
2024-08-26 11:23:59,968 [INFO] ApiDb:250 - Set database path to: C:\Users\Lenovo\.stmcufinder\plugins\mcufinder//mcu/
2024-08-26 11:23:59,968 [WARN] DbFile:41 - Overriding database path with different value: C:\Users\Lenovo\.stmcufinder\plugins\mcufinder/ => C:\Users\Lenovo\.stmcufinder\plugins\mcufinder
2024-08-26 11:23:59,969 [INFO] DbMcusAds:125 - Set database path to: C:\Users\Lenovo\.stmcufinder\plugins\mcufinder//mcu/
2024-08-26 11:23:59,969 [WARN] DbFile:41 - Overriding database path with different value: C:\Users\Lenovo\.stmcufinder\plugins\mcufinder/ => C:\Users\Lenovo\.stmcufinder\plugins\mcufinder
2024-08-26 11:23:59,969 [WARN] DbFile:41 - Overriding database path with different value: C:\Users\Lenovo\.stmcufinder\plugins\mcufinder/ => C:\Users\Lenovo\.stmcufinder\plugins\mcufinder
2024-08-26 11:23:59,969 [INFO] CrossReferenceDbSqlite:203 - Set database path to: C:\Users\Lenovo\.stmcufinder\plugins\mcufinder//mcu/cs/
2024-08-26 11:24:00,032 [INFO] MainPanel:264 - HeapMemory: 268435456
2024-08-26 11:24:00,104 [INFO] DbMcusXml:78 - Set database path to: C:\ST\STM32CubeIDE_1.15.1\STM32CubeIDE\plugins\com.st.stm32cube.common.mx_6.11.1.202404110753\\db\/mcu/
2024-08-26 11:24:00,104 [INFO] ApiDb:274 - Set plugin database path to: C:\ST\STM32CubeIDE_1.15.1\STM32CubeIDE\plugins\com.st.stm32cube.common.mx_6.11.1.202404110753\\db\/plugins/boardmanager/
2024-08-26 11:24:00,104 [INFO] ApiDb:261 - Set plugin images path to: C:\ST\STM32CubeIDE_1.15.1\STM32CubeIDE\plugins\com.st.stm32cube.common.mx_6.11.1.202404110753\\db\/plugins/mcufinder/images/
2024-08-26 11:24:00,105 [WARN] DbFile:41 - Overriding database path with different value: C:\Users\Lenovo\.stmcufinder\plugins\mcufinder/ => C:\Users\Lenovo\.stmcufinder\plugins\mcufinder
2024-08-26 11:24:00,105 [INFO] ApiDb:250 - Set database path to: C:\Users\Lenovo\.stmcufinder\plugins\mcufinder//mcu/
2024-08-26 11:24:00,105 [WARN] DbFile:41 - Overriding database path with different value: C:\Users\Lenovo\.stmcufinder\plugins\mcufinder/ => C:\Users\Lenovo\.stmcufinder\plugins\mcufinder
2024-08-26 11:24:00,105 [INFO] DbMcusAds:125 - Set database path to: C:\Users\Lenovo\.stmcufinder\plugins\mcufinder//mcu/
2024-08-26 11:24:00,105 [WARN] DbFile:41 - Overriding database path with different value: C:\Users\Lenovo\.stmcufinder\plugins\mcufinder/ => C:\Users\Lenovo\.stmcufinder\plugins\mcufinder
2024-08-26 11:24:00,105 [WARN] DbFile:41 - Overriding database path with different value: C:\Users\Lenovo\.stmcufinder\plugins\mcufinder/ => C:\Users\Lenovo\.stmcufinder\plugins\mcufinder
2024-08-26 11:24:00,105 [INFO] CrossReferenceDbSqlite:203 - Set database path to: C:\Users\Lenovo\.stmcufinder\plugins\mcufinder//mcu/cs/
2024-08-26 11:24:00,122 [INFO] ApplicationProperties:184 - Using Application install path: C:\ST\STM32CubeIDE_1.15.1\STM32CubeIDE\plugins\com.st.stm32cube.common.mx_6.11.1.202404110753
2024-08-26 11:24:00,123 [INFO] PluginManage:196 - Search for loadable plugins [exclusion list=, ]
2024-08-26 11:24:00,126 [INFO] PluginManage:310 - Check plugin analytics
2024-08-26 11:24:00,280 [INFO] AnalyticsPlugin:253 - Accepted Software Licenses: STM32CubeMX.6.11.1
2024-08-26 11:24:00,280 [INFO] AnalyticsPlugin:255 - Accepted CMSIS Pack Licenses: 
2024-08-26 11:24:00,280 [INFO] AnalyticsPlugin:257 - Accepted Firmware Licenses: FW.F4.1.28.0
2024-08-26 11:24:00,283 [INFO] PluginManage:359 - Loaded plugin analytics (category:tool,tabindex:-1)
2024-08-26 11:24:00,283 [INFO] PluginManage:310 - Check plugin cadmodel
2024-08-26 11:24:00,288 [INFO] CADModel:105 - Init CAD model plugin
2024-08-26 11:24:00,288 [INFO] PluginManage:359 - Loaded plugin cadmodel (category:power,tabindex:5)
2024-08-26 11:24:00,289 [INFO] PluginManage:310 - Check plugin clock
2024-08-26 11:24:00,298 [INFO] PluginManage:359 - Loaded plugin clock (category:base,tabindex:2)
2024-08-26 11:24:00,298 [INFO] PluginManage:310 - Check plugin ddr
2024-08-26 11:24:00,301 [INFO] PluginManage:359 - Loaded plugin ddr (category:tool,tabindex:6)
2024-08-26 11:24:00,301 [INFO] PluginManage:310 - Check plugin filemanager
2024-08-26 11:24:00,574 [INFO] PluginManage:359 - Loaded plugin filemanager (category:base,tabindex:10)
2024-08-26 11:24:00,575 [INFO] PluginManage:310 - Check plugin ipmanager
2024-08-26 11:24:00,586 [INFO] PluginManage:359 - Loaded plugin ipmanager (category:base,tabindex:5)
2024-08-26 11:24:00,587 [INFO] PluginManage:310 - Check plugin lpbam
2024-08-26 11:24:00,599 [INFO] PluginManage:359 - Loaded plugin lpbam (category:base,tabindex:0)
2024-08-26 11:24:00,599 [INFO] PluginManage:310 - Check plugin memorymap
2024-08-26 11:24:00,612 [INFO] PluginManage:359 - Loaded plugin memorymap (category:base,tabindex:4)
2024-08-26 11:24:00,612 [INFO] PluginManage:310 - Check plugin pinoutandconfiguration
2024-08-26 11:24:00,618 [INFO] PluginManage:359 - Loaded plugin pinoutandconfiguration (category:base,tabindex:1)
2024-08-26 11:24:00,618 [INFO] PluginManage:310 - Check plugin pinoutconfig
2024-08-26 11:24:00,699 [WARN] SupportedApi:132 - Cannot load RTOS API schema: s4s-elt-must-match.1: The content of 'definitions' must match (annotation?, (simpleType | complexType)?, (unique | key | keyref)*)). A problem was found starting at: attribute.
2024-08-26 11:24:00,888 [INFO] PluginManage:359 - Loaded plugin pinoutconfig (category:base,tabindex:0)
2024-08-26 11:24:00,890 [INFO] PluginManage:310 - Check plugin power
2024-08-26 11:24:00,896 [INFO] PluginManage:359 - Loaded plugin power (category:power,tabindex:4)
2024-08-26 11:24:00,896 [INFO] PluginManage:310 - Check plugin projectmanager
2024-08-26 11:24:00,911 [INFO] PluginManage:359 - Loaded plugin projectmanager (category:projectmanager,tabindex:3)
2024-08-26 11:24:00,911 [INFO] PluginManage:310 - Check plugin thirdparty
2024-08-26 11:24:01,018 [INFO] PluginManage:359 - Loaded plugin thirdparty (category:base,tabindex:-1)
2024-08-26 11:24:01,018 [WARN] IntegrityCheckThread:84 - waiting for thirdparty lock release [integrity check]
2024-08-26 11:24:01,018 [INFO] PluginManage:310 - Check plugin tools
2024-08-26 11:24:01,019 [INFO] IntegrityCheckThread:86 - entering critical section [integrity check]
2024-08-26 11:24:01,019 [INFO] ThirdPartyUpdaterWithRetryManager:70 - Updater plugin not ready yet. [1/15]
2024-08-26 11:24:01,022 [INFO] PluginManage:359 - Loaded plugin tools (category:base,tabindex:7)
2024-08-26 11:24:01,022 [INFO] PluginManage:310 - Check plugin tutovideos
2024-08-26 11:24:01,172 [INFO] PluginManage:359 - Loaded plugin tutovideos (category:base,tabindex:-1)
2024-08-26 11:24:01,172 [INFO] PluginManage:310 - Check plugin updater
2024-08-26 11:24:01,181 [INFO] PluginManage:359 - Loaded plugin updater (category:base,tabindex:12)
2024-08-26 11:24:01,181 [INFO] PluginManage:310 - Check plugin userauth
2024-08-26 11:24:01,183 [INFO] UserAuth:114 - Init User Auth plugin
2024-08-26 11:24:01,183 [INFO] PluginManage:359 - Loaded plugin userauth (category:base,tabindex:14)
2024-08-26 11:24:01,184 [INFO] PluginManage:283 - PluginManage : Loaded plugins [17]
2024-08-26 11:24:01,361 [INFO] PinOutPanel:1561 - setPackage(No Configuration,No Configuration)
2024-08-26 11:24:01,441 [INFO] CADModel:165 - CPN selected for project level
2024-08-26 11:24:01,441 [INFO] CADModel:114 - Register for checkConnection events
2024-08-26 11:24:01,467 [INFO] IPUIPlugin:80 - create IPUIPlugin
2024-08-26 11:24:01,467 [INFO] PluginManager:220 - loadIPPluginJar : add adc
2024-08-26 11:24:01,469 [INFO] IPUIPlugin:80 - create IPUIPlugin
2024-08-26 11:24:01,470 [INFO] PluginManager:220 - loadIPPluginJar : add aes
2024-08-26 11:24:01,472 [INFO] IPUIPlugin:80 - create IPUIPlugin
2024-08-26 11:24:01,472 [INFO] PluginManager:220 - loadIPPluginJar : add can
2024-08-26 11:24:01,474 [INFO] IPUIPlugin:80 - create IPUIPlugin
2024-08-26 11:24:01,474 [INFO] PluginManager:220 - loadIPPluginJar : add comp
2024-08-26 11:24:01,476 [INFO] IPUIPlugin:80 - create IPUIPlugin
2024-08-26 11:24:01,476 [INFO] PluginManager:220 - loadIPPluginJar : add cryp
2024-08-26 11:24:01,478 [INFO] IPUIPlugin:80 - create IPUIPlugin
2024-08-26 11:24:01,478 [INFO] PluginManager:220 - loadIPPluginJar : add dfsdm
2024-08-26 11:24:01,483 [INFO] IPUIPlugin:80 - create IPUIPlugin
2024-08-26 11:24:01,484 [INFO] PluginManager:220 - loadIPPluginJar : add dma
2024-08-26 11:24:01,486 [INFO] IPUIPlugin:80 - create IPUIPlugin
2024-08-26 11:24:01,486 [INFO] PluginManager:220 - loadIPPluginJar : add dma3
2024-08-26 11:24:01,489 [INFO] IPUIPlugin:80 - create IPUIPlugin
2024-08-26 11:24:01,489 [INFO] PluginManager:220 - loadIPPluginJar : add extmemmanager
2024-08-26 11:24:01,491 [INFO] IPUIPlugin:80 - create IPUIPlugin
2024-08-26 11:24:01,491 [INFO] PluginManager:220 - loadIPPluginJar : add fatfs
2024-08-26 11:24:01,494 [INFO] IPUIPlugin:80 - create IPUIPlugin
2024-08-26 11:24:01,494 [INFO] PluginManager:220 - loadIPPluginJar : add fmc
2024-08-26 11:24:01,497 [INFO] IPUIPlugin:80 - create IPUIPlugin
2024-08-26 11:24:01,497 [INFO] PluginManager:220 - loadIPPluginJar : add freertos
2024-08-26 11:24:01,498 [INFO] IPUIPlugin:80 - create IPUIPlugin
2024-08-26 11:24:01,498 [INFO] PluginManager:220 - loadIPPluginJar : add genericplugin
2024-08-26 11:24:01,500 [INFO] IPUIPlugin:80 - create IPUIPlugin
2024-08-26 11:24:01,500 [INFO] PluginManager:220 - loadIPPluginJar : add gfxmmu
2024-08-26 11:24:01,504 [INFO] IPUIPlugin:80 - create IPUIPlugin
2024-08-26 11:24:01,504 [INFO] PluginManager:220 - loadIPPluginJar : add gic
2024-08-26 11:24:01,507 [INFO] IPUIPlugin:80 - create IPUIPlugin
2024-08-26 11:24:01,507 [INFO] PluginManager:220 - loadIPPluginJar : add gpio
2024-08-26 11:24:01,509 [INFO] IPUIPlugin:80 - create IPUIPlugin
2024-08-26 11:24:01,509 [INFO] PluginManager:220 - loadIPPluginJar : add gtzc
2024-08-26 11:24:01,511 [INFO] IPUIPlugin:80 - create IPUIPlugin
2024-08-26 11:24:01,511 [INFO] PluginManager:220 - loadIPPluginJar : add hash
2024-08-26 11:24:01,512 [INFO] IPUIPlugin:80 - create IPUIPlugin
2024-08-26 11:24:01,512 [INFO] PluginManager:220 - loadIPPluginJar : add i2c
2024-08-26 11:24:01,513 [INFO] IPUIPlugin:80 - create IPUIPlugin
2024-08-26 11:24:01,513 [INFO] PluginManager:220 - loadIPPluginJar : add i2s
2024-08-26 11:24:01,515 [INFO] IPUIPlugin:80 - create IPUIPlugin
2024-08-26 11:24:01,515 [INFO] PluginManager:220 - loadIPPluginJar : add i3c
2024-08-26 11:24:01,517 [INFO] IPUIPlugin:80 - create IPUIPlugin
2024-08-26 11:24:01,517 [INFO] PluginManager:220 - loadIPPluginJar : add ipddr
2024-08-26 11:24:01,523 [INFO] IPUIPlugin:80 - create IPUIPlugin
2024-08-26 11:24:01,523 [INFO] PluginManager:220 - loadIPPluginJar : add linkedlist
2024-08-26 11:24:01,526 [INFO] IPUIPlugin:80 - create IPUIPlugin
2024-08-26 11:24:01,526 [INFO] PluginManager:220 - loadIPPluginJar : add lorawan
2024-08-26 11:24:01,526 [INFO] IPUIPlugin:80 - create IPUIPlugin
2024-08-26 11:24:01,527 [INFO] PluginManager:220 - loadIPPluginJar : add ltdc
2024-08-26 11:24:01,530 [INFO] IPUIPlugin:80 - create IPUIPlugin
2024-08-26 11:24:01,530 [INFO] PluginManager:220 - loadIPPluginJar : add mdma
2024-08-26 11:24:01,533 [INFO] IPUIPlugin:80 - create IPUIPlugin
2024-08-26 11:24:01,533 [INFO] PluginManager:220 - loadIPPluginJar : add nvic
2024-08-26 11:24:01,534 [INFO] IPUIPlugin:80 - create IPUIPlugin
2024-08-26 11:24:01,534 [INFO] PluginManager:220 - loadIPPluginJar : add opamp
2024-08-26 11:24:01,537 [INFO] IPUIPlugin:80 - create IPUIPlugin
2024-08-26 11:24:01,537 [INFO] PluginManager:220 - loadIPPluginJar : add openamp
2024-08-26 11:24:01,540 [INFO] IPUIPlugin:80 - create IPUIPlugin
2024-08-26 11:24:01,540 [INFO] PluginManager:220 - loadIPPluginJar : add pdm2pcm
2024-08-26 11:24:01,545 [INFO] IPUIPlugin:80 - create IPUIPlugin
2024-08-26 11:24:01,547 [INFO] PluginManager:220 - loadIPPluginJar : add plateformsettings
2024-08-26 11:24:01,548 [INFO] IPUIPlugin:80 - create IPUIPlugin
2024-08-26 11:24:01,548 [INFO] PluginManager:220 - loadIPPluginJar : add quadspi
2024-08-26 11:24:01,549 [INFO] IPUIPlugin:80 - create IPUIPlugin
2024-08-26 11:24:01,549 [INFO] PluginManager:220 - loadIPPluginJar : add resmgrutility
2024-08-26 11:24:01,551 [INFO] IPUIPlugin:80 - create IPUIPlugin
2024-08-26 11:24:01,551 [INFO] PluginManager:220 - loadIPPluginJar : add sai
2024-08-26 11:24:01,553 [INFO] IPUIPlugin:80 - create IPUIPlugin
2024-08-26 11:24:01,553 [INFO] PluginManager:220 - loadIPPluginJar : add spi
2024-08-26 11:24:01,558 [INFO] IPUIPlugin:80 - create IPUIPlugin
2024-08-26 11:24:01,558 [INFO] PluginManager:220 - loadIPPluginJar : add stm32_wpan
2024-08-26 11:24:01,559 [INFO] IPUIPlugin:80 - create IPUIPlugin
2024-08-26 11:24:01,559 [INFO] PluginManager:220 - loadIPPluginJar : add tim
2024-08-26 11:24:01,561 [INFO] IPUIPlugin:80 - create IPUIPlugin
2024-08-26 11:24:01,561 [INFO] PluginManager:220 - loadIPPluginJar : add touchsensing
2024-08-26 11:24:01,562 [INFO] IPUIPlugin:80 - create IPUIPlugin
2024-08-26 11:24:01,562 [INFO] PluginManager:220 - loadIPPluginJar : add tracer_emb
2024-08-26 11:24:01,563 [INFO] IPUIPlugin:80 - create IPUIPlugin
2024-08-26 11:24:01,563 [INFO] PluginManager:220 - loadIPPluginJar : add ts
2024-08-26 11:24:01,564 [INFO] IPUIPlugin:80 - create IPUIPlugin
2024-08-26 11:24:01,564 [INFO] PluginManager:220 - loadIPPluginJar : add tsc
2024-08-26 11:24:01,565 [INFO] IPUIPlugin:80 - create IPUIPlugin
2024-08-26 11:24:01,565 [INFO] PluginManager:220 - loadIPPluginJar : add ucpd
2024-08-26 11:24:01,567 [INFO] IPUIPlugin:80 - create IPUIPlugin
2024-08-26 11:24:01,567 [INFO] PluginManager:220 - loadIPPluginJar : add usart
2024-08-26 11:24:01,570 [INFO] IPUIPlugin:80 - create IPUIPlugin
2024-08-26 11:24:01,570 [INFO] PluginManager:220 - loadIPPluginJar : add usbx
2024-08-26 11:24:01,695 [INFO] CADModel:165 - CPN selected for project level
2024-08-26 11:24:01,695 [INFO] CADModel:114 - Register for checkConnection events
2024-08-26 11:24:01,695 [FATAL] Updater:308 - Updater called before beeing initialized
2024-08-26 11:24:01,695 [ERROR] CADModel:125 - Updater not yet initialized, retry later 
2024-08-26 11:24:01,805 [INFO] CADModel:165 - CPN selected for project level
2024-08-26 11:24:01,805 [INFO] CADModel:114 - Register for checkConnection events
2024-08-26 11:24:01,805 [FATAL] Updater:308 - Updater called before beeing initialized
2024-08-26 11:24:01,805 [ERROR] CADModel:125 - Updater not yet initialized, retry later 
2024-08-26 11:24:01,808 [FATAL] Updater:308 - Updater called before beeing initialized
2024-08-26 11:24:01,905 [FATAL] Updater:308 - Updater called before beeing initialized
2024-08-26 11:24:01,909 [INFO] DbMcusAds:53 - JSON generation date=Thu May 16 06:22:00 ART 2024 (1715851320852)
2024-08-26 11:24:01,909 [FATAL] Updater:308 - Updater called before beeing initialized
2024-08-26 11:24:01,936 [WARN] DetailPanel:346 - Failed to get advertising image, set to default
2024-08-26 11:24:02,015 [FATAL] Updater:308 - Updater called before beeing initialized
2024-08-26 11:24:02,017 [FATAL] Updater:308 - Updater called before beeing initialized
2024-08-26 11:24:02,017 [FATAL] Updater:308 - Updater called before beeing initialized
2024-08-26 11:24:02,017 [WARN] DetailPanel:346 - Failed to get advertising image, set to default
2024-08-26 11:24:02,018 [FATAL] Updater:308 - Updater called before beeing initialized
2024-08-26 11:24:02,054 [ERROR] Updater:1120 - MainUpdater not yet initialized. External WinMGr cannot be set.
2024-08-26 11:24:02,057 [INFO] Updater:1056 - Updater Version found : 6.11.1
2024-08-26 11:24:02,071 [INFO] ApplicationProperties:184 - Using Application install path: C:\ST\STM32CubeIDE_1.15.1\STM32CubeIDE\plugins\com.st.stm32cube.common.mx_6.11.1.202404110753
2024-08-26 11:24:03,639 [ERROR] LogOutputStream:75 - [STDERR_REDIRECT] Aug 26, 2024 11:24:03 AM java.util.prefs.WindowsPreferences <init>
2024-08-26 11:24:03,640 [ERROR] LogOutputStream:75 - [STDERR_REDIRECT] WARNING: Could not open/create prefs root node Software\JavaSoft\Prefs at root 0xffffffff80000002. Windows RegCreateKeyEx(...) returned error code 5.
2024-08-26 11:24:03,640 [ERROR] LogOutputStream:75 - [STDERR_REDIRECT] 
2024-08-26 11:24:04,021 [INFO] ThirdPartyUpdaterWithRetryManager:70 - Updater plugin not ready yet. [2/15]
2024-08-26 11:24:04,980 [INFO] MainUpdater:2873 - connection check result : 10
2024-08-26 11:24:04,981 [INFO] MainUpdater:290 - Updater Check For Update Now.
2024-08-26 11:24:04,981 [INFO] MicroXplorer:498 - Change Database Version : DB.6.0.111
2024-08-26 11:24:04,985 [INFO] McuFinderGlobals:63 - Set McuFinder mode to 2 (CubeIDE integrated)
2024-08-26 11:24:04,990 [INFO] UserAuth:415 - Internet connection configuration mode: 1
2024-08-26 11:24:05,009 [INFO] JxBrowserEngine:152 - Initiate JxBrowser Engine with user profile folder
2024-08-26 11:24:05,149 [INFO] CheckServerUpdateThread:120 - End of CheckServer Thread
2024-08-26 11:24:05,460 [INFO] WebApp:161 - Instantiating new browser for Auth
2024-08-26 11:24:05,830 [INFO] WebApp:779 - Register for checkConnection events
2024-08-26 11:24:05,830 [INFO] WebApp:414 - Apply proxy settings
2024-08-26 11:24:05,831 [INFO] WebApp:499 - Chromium requires no authentication
2024-08-26 11:24:05,837 [INFO] WebApp:442 - Direct internet connection detected
2024-08-26 11:24:05,960 [INFO] WebApp:192 - Starting web application
2024-08-26 11:24:05,960 [INFO] WebApp:544 - Web application path used C:\ST\STM32CubeIDE_1.15.1\STM32CubeIDE\plugins\com.st.stm32cube.common.mx_6.11.1.202404110753\db\plugins\mcufinder\reactClient1\index.html
2024-08-26 11:24:07,175 [WARN] PackLoader:240 - Cannot read IP mode file for STMicroelectronics.FP-SNS-MOTENVWB1.1.4.0
2024-08-26 11:24:07,183 [WARN] PackLoader:240 - Cannot read IP mode file for STMicroelectronics.X-CUBE-SMBUS.2.1.0
2024-08-26 11:24:07,187 [WARN] PackLoader:240 - Cannot read IP mode file for STMicroelectronics.X-CUBE-TOUCHGFX.4.23.2
2024-08-26 11:24:07,208 [WARN] PackLoader:240 - Cannot read IP mode file for STMicroelectronics.X-CUBE-AZRTOS-F7.1.1.0
2024-08-26 11:24:07,257 [WARN] PackLoader:240 - Cannot read IP mode file for STMicroelectronics.X-CUBE-MEMS1.11.0.0
2024-08-26 11:24:07,409 [WARN] PackLoader:240 - Cannot read IP mode file for STMicroelectronics.FP-SNS-FLIGHT1.5.0.2
2024-08-26 11:24:07,418 [WARN] PackLoader:240 - Cannot read IP mode file for STMicroelectronics.X-CUBE-DISPLAY.3.0.0
2024-08-26 11:24:07,428 [WARN] PackLoader:240 - Cannot read IP mode file for STMicroelectronics.X-CUBE-BLE1.7.0.0
2024-08-26 11:24:07,434 [WARN] PackLoader:240 - Cannot read IP mode file for emotas.I-CUBE-CANOPEN.1.3.0
2024-08-26 11:24:07,443 [WARN] PackLoader:240 - Cannot read IP mode file for STMicroelectronics.X-CUBE-BLEMGR.3.1.0
2024-08-26 11:24:07,451 [WARN] PackLoader:240 - Cannot read IP mode file for STMicroelectronics.FP-SNS-SMARTAG2.1.2.0
2024-08-26 11:24:07,459 [INFO] LogOutputStream:77 - [STDOUT_REDIRECT] 1 : Invalid condition id : UX_CORESTACK_Condition cause : null
2024-08-26 11:24:07,459 [INFO] LogOutputStream:77 - [STDOUT_REDIRECT] 1 : Invalid condition id : UX_CORESTACK_Condition cause : null
2024-08-26 11:24:07,461 [INFO] LogOutputStream:77 - [STDOUT_REDIRECT] 1 : Invalid condition id : UX_CORESTACK_Condition cause : null
2024-08-26 11:24:07,462 [INFO] LogOutputStream:77 - [STDOUT_REDIRECT] 1 : Invalid condition id : UX_CORESTACK_Condition cause : null
2024-08-26 11:24:07,463 [INFO] LogOutputStream:77 - [STDOUT_REDIRECT] 1 : Invalid condition id : UX_CORESTACK_Condition cause : null
2024-08-26 11:24:07,468 [WARN] PackLoader:240 - Cannot read IP mode file for STMicroelectronics.X-CUBE-AZRTOS-WL.2.0.0
2024-08-26 11:24:07,473 [WARN] PackLoader:240 - Cannot read IP mode file for STMicroelectronics.FP-SNS-MOTENV1.5.0.0
2024-08-26 11:24:07,479 [WARN] PackLoader:240 - Cannot read IP mode file for wolfSSL.I-CUBE-wolfMQTT.1.19.0
2024-08-26 11:24:07,489 [WARN] PackLoader:240 - Cannot read IP mode file for WES.I-CUBE-Cesium.1.3.0
2024-08-26 11:24:07,494 [WARN] PackLoader:240 - Cannot read IP mode file for STMicroelectronics.X-CUBE-BLE2.3.3.0
2024-08-26 11:24:07,501 [WARN] PackLoader:240 - Cannot read IP mode file for STMicroelectronics.X-CUBE-TCPP.4.1.0
2024-08-26 11:24:07,519 [WARN] PackLoader:240 - Cannot read IP mode file for STMicroelectronics.X-CUBE-AZRTOS-G0.1.1.0
2024-08-26 11:24:07,528 [WARN] PackLoader:240 - Cannot read IP mode file for STMicroelectronics.X-CUBE-SAFEA1.1.2.2
2024-08-26 11:24:07,535 [WARN] PackLoader:240 - Cannot read IP mode file for STMicroelectronics.X-CUBE-NFC4.3.0.0
2024-08-26 11:24:07,544 [WARN] PackLoader:240 - Cannot read IP mode file for EmbeddedOffice.I-CUBE-FS-RTOS.1.0.1
2024-08-26 11:24:07,545 [ERROR] ConditionMgr:805 - Attr not supported : Dmpu
2024-08-26 11:24:07,545 [ERROR] ConditionMgr:805 - Attr not supported : Dmpu
2024-08-26 11:24:07,545 [ERROR] ConditionMgr:805 - Attr not supported : Dmpu
2024-08-26 11:24:07,545 [ERROR] ConditionMgr:805 - Attr not supported : Dmpu
2024-08-26 11:24:07,545 [ERROR] ConditionMgr:805 - Attr not supported : Dmpu
2024-08-26 11:24:07,546 [ERROR] ConditionMgr:805 - Attr not supported : Dmpu
2024-08-26 11:24:07,546 [ERROR] ConditionMgr:805 - Attr not supported : Dmpu
2024-08-26 11:24:07,546 [ERROR] ConditionMgr:805 - Attr not supported : Dmpu
2024-08-26 11:24:07,546 [ERROR] ConditionMgr:805 - Attr not supported : Dmpu
2024-08-26 11:24:07,546 [ERROR] ConditionMgr:805 - Attr not supported : Dmpu
2024-08-26 11:24:07,546 [ERROR] ConditionMgr:805 - Attr not supported : Dmpu
2024-08-26 11:24:07,546 [ERROR] ConditionMgr:805 - Attr not supported : Dmpu
2024-08-26 11:24:07,546 [ERROR] ConditionMgr:805 - Attr not supported : Dmpu
2024-08-26 11:24:07,546 [ERROR] ConditionMgr:805 - Attr not supported : Dmpu
2024-08-26 11:24:07,546 [ERROR] ConditionMgr:805 - Attr not supported : Dmpu
2024-08-26 11:24:07,546 [ERROR] ConditionMgr:805 - Attr not supported : Dmpu
2024-08-26 11:24:07,546 [ERROR] ConditionMgr:805 - Attr not supported : Dmpu
2024-08-26 11:24:07,546 [ERROR] ConditionMgr:805 - Attr not supported : Dmpu
2024-08-26 11:24:07,546 [ERROR] ConditionMgr:805 - Attr not supported : Dmpu
2024-08-26 11:24:07,546 [ERROR] ConditionMgr:805 - Attr not supported : Dmpu
2024-08-26 11:24:07,546 [ERROR] ConditionMgr:805 - Attr not supported : Dmpu
2024-08-26 11:24:07,547 [ERROR] ConditionMgr:805 - Attr not supported : Dmpu
2024-08-26 11:24:07,547 [ERROR] ConditionMgr:805 - Attr not supported : Dmpu
2024-08-26 11:24:07,547 [ERROR] ConditionMgr:805 - Attr not supported : Dmpu
2024-08-26 11:24:07,547 [ERROR] ConditionMgr:805 - Attr not supported : Dmpu
2024-08-26 11:24:07,547 [ERROR] ConditionMgr:805 - Attr not supported : Dmpu
2024-08-26 11:24:07,547 [ERROR] ConditionMgr:805 - Attr not supported : Dmpu
2024-08-26 11:24:07,547 [ERROR] ConditionMgr:805 - Attr not supported : Dmpu
2024-08-26 11:24:07,548 [ERROR] ConditionMgr:805 - Attr not supported : Dmpu
2024-08-26 11:24:07,548 [ERROR] ConditionMgr:805 - Attr not supported : Dmpu
2024-08-26 11:24:07,548 [ERROR] ConditionMgr:805 - Attr not supported : Dmpu
2024-08-26 11:24:07,548 [ERROR] ConditionMgr:805 - Attr not supported : Dmpu
2024-08-26 11:24:07,548 [ERROR] ConditionMgr:805 - Attr not supported : Dmpu
2024-08-26 11:24:07,549 [ERROR] ConditionMgr:805 - Attr not supported : Dmpu
2024-08-26 11:24:07,549 [ERROR] ConditionMgr:805 - Attr not supported : Dmpu
2024-08-26 11:24:07,550 [ERROR] ConditionMgr:805 - Attr not supported : Dmpu
2024-08-26 11:24:07,550 [ERROR] ConditionMgr:805 - Attr not supported : Dmpu
2024-08-26 11:24:07,550 [ERROR] ConditionMgr:805 - Attr not supported : Dmpu
2024-08-26 11:24:07,550 [ERROR] ConditionMgr:805 - Attr not supported : Dmpu
2024-08-26 11:24:07,550 [ERROR] ConditionMgr:805 - Attr not supported : Dmpu
2024-08-26 11:24:07,550 [ERROR] ConditionMgr:805 - Attr not supported : Dmpu
2024-08-26 11:24:07,550 [ERROR] ConditionMgr:805 - Attr not supported : Dmpu
2024-08-26 11:24:07,550 [ERROR] ConditionMgr:805 - Attr not supported : Dmpu
2024-08-26 11:24:07,550 [ERROR] ConditionMgr:805 - Attr not supported : Dmpu
2024-08-26 11:24:07,550 [ERROR] ConditionMgr:805 - Attr not supported : Dmpu
2024-08-26 11:24:07,550 [ERROR] ConditionMgr:805 - Attr not supported : Dmpu
2024-08-26 11:24:07,550 [ERROR] ConditionMgr:805 - Attr not supported : Dmpu
2024-08-26 11:24:07,550 [ERROR] ConditionMgr:805 - Attr not supported : Dmpu
2024-08-26 11:24:07,551 [ERROR] ConditionMgr:805 - Attr not supported : Dmpu
2024-08-26 11:24:07,551 [ERROR] ConditionMgr:805 - Attr not supported : Dmpu
2024-08-26 11:24:07,551 [ERROR] ConditionMgr:805 - Attr not supported : Dmpu
2024-08-26 11:24:07,551 [ERROR] ConditionMgr:805 - Attr not supported : Dmpu
2024-08-26 11:24:07,551 [ERROR] ConditionMgr:805 - Attr not supported : Dmpu
2024-08-26 11:24:07,551 [ERROR] ConditionMgr:805 - Attr not supported : Dmpu
2024-08-26 11:24:07,551 [ERROR] ConditionMgr:805 - Attr not supported : Dmpu
2024-08-26 11:24:07,551 [ERROR] ConditionMgr:805 - Attr not supported : Dmpu
2024-08-26 11:24:07,551 [ERROR] ConditionMgr:805 - Attr not supported : Dmpu
2024-08-26 11:24:07,551 [ERROR] ConditionMgr:805 - Attr not supported : Dmpu
2024-08-26 11:24:07,551 [ERROR] ConditionMgr:805 - Attr not supported : Dmpu
2024-08-26 11:24:07,552 [ERROR] ConditionMgr:805 - Attr not supported : Dmpu
2024-08-26 11:24:07,552 [ERROR] ConditionMgr:805 - Attr not supported : Dmpu
2024-08-26 11:24:07,552 [ERROR] ConditionMgr:805 - Attr not supported : Dmpu
2024-08-26 11:24:07,552 [ERROR] ConditionMgr:805 - Attr not supported : Dmpu
2024-08-26 11:24:07,552 [ERROR] ConditionMgr:805 - Attr not supported : Dmpu
2024-08-26 11:24:07,558 [WARN] PackLoader:240 - Cannot read IP mode file for RealThread.X-CUBE-RT-Thread_Nano.4.1.1
2024-08-26 11:24:07,561 [WARN] PackLoader:240 - Cannot read IP mode file for wolfSSL.I-CUBE-wolfSSL.5.7.0
2024-08-26 11:24:07,566 [WARN] PackLoader:240 - Cannot read IP mode file for STMicroelectronics.FP-ATR-SIGFOX1.3.2.0
2024-08-26 11:24:07,571 [WARN] PackLoader:240 - Cannot read IP mode file for STMicroelectronics.X-CUBE-EEPRMA1.5.1.0
2024-08-26 11:24:07,578 [WARN] PackLoader:240 - Cannot read IP mode file for ITTIA_DB.I-CUBE-ITTIADB.8.9.0
2024-08-26 11:24:07,602 [WARN] PackLoader:240 - Cannot read IP mode file for SEGGER.I-CUBE-embOS.1.3.1
2024-08-26 11:24:07,633 [WARN] PackLoader:240 - Cannot read IP mode file for STMicroelectronics.X-CUBE-ALGOBUILD.1.4.0
2024-08-26 11:24:07,639 [WARN] PackLoader:240 - Cannot read IP mode file for STMicroelectronics.X-CUBE-GNSS1.6.0.0
2024-08-26 11:24:07,655 [WARN] PackLoader:240 - Cannot read IP mode file for STMicroelectronics.X-CUBE-AZRTOS-F4.1.1.0
2024-08-26 11:24:07,661 [WARN] PackLoader:240 - Cannot read IP mode file for STMicroelectronics.X-CUBE-FREERTOS.1.2.0
2024-08-26 11:24:07,674 [WARN] PackLoader:240 - Cannot read IP mode file for STMicroelectronics.X-CUBE-AZRTOS-L5.2.0.0
2024-08-26 11:24:07,685 [WARN] PackLoader:240 - Cannot read IP mode file for STMicroelectronics.X-CUBE-NFC6.3.1.0
2024-08-26 11:24:07,692 [WARN] PackLoader:240 - Cannot read IP mode file for STMicroelectronics.X-CUBE-DPower.1.2.0
2024-08-26 11:24:07,696 [WARN] PackLoader:240 - Cannot read IP mode file for STMicroelectronics.X-CUBE-AI.9.0.0
2024-08-26 11:24:07,702 [WARN] PackLoader:240 - Cannot read IP mode file for STMicroelectronics.X-CUBE-NFC7.1.0.1
2024-08-26 11:24:07,721 [WARN] ConditionMgr:438 - getConditionDescription Invalid condition id : LAN8742 Phy interface Condition cause : null
2024-08-26 11:24:07,721 [WARN] PackLoader:240 - Cannot read IP mode file for STMicroelectronics.X-CUBE-AZRTOS-L4.2.0.0
2024-08-26 11:24:07,722 [WARN] ConditionMgr:1039 - genDependencies : Invalid condition id : LAN8742 Phy interface Condition cause : null
2024-08-26 11:24:07,722 [WARN] ConditionMgr:1039 - genDependencies : Invalid condition id : LAN8742 Phy interface Condition cause : null
2024-08-26 11:24:07,723 [WARN] ConditionMgr:1039 - genDependencies : Invalid condition id : LAN8742 Phy interface Condition cause : null
2024-08-26 11:24:07,728 [WARN] PackLoader:240 - Cannot read IP mode file for STMicroelectronics.X-CUBE-SFXS2LP1.4.0.0
2024-08-26 11:24:07,754 [WARN] PackLoader:240 - Cannot read IP mode file for STMicroelectronics.X-CUBE-AZRTOS-H7.3.3.0
2024-08-26 11:24:07,770 [WARN] ConditionMgr:438 - getConditionDescription Invalid condition id : UX DEVICE CLASS RTOS Condition cause : null
2024-08-26 11:24:07,770 [WARN] ConditionMgr:438 - getConditionDescription Invalid condition id : UX DEVICE CLASS RTOS Condition cause : null
2024-08-26 11:24:07,773 [WARN] PackLoader:240 - Cannot read IP mode file for STMicroelectronics.X-CUBE-AZRTOS-WB.2.0.0
2024-08-26 11:24:07,773 [WARN] ConditionMgr:1039 - genDependencies : Invalid condition id : UX DEVICE CLASS RTOS Condition cause : null
2024-08-26 11:24:07,773 [WARN] ConditionMgr:1039 - genDependencies : Invalid condition id : UX DEVICE CLASS RTOS Condition cause : null
2024-08-26 11:24:07,773 [WARN] ConditionMgr:1039 - genDependencies : Invalid condition id : UX DEVICE CLASS RTOS Condition cause : null
2024-08-26 11:24:07,774 [WARN] ConditionMgr:1039 - genDependencies : Invalid condition id : UX DEVICE CLASS RTOS Condition cause : null
2024-08-26 11:24:07,774 [WARN] ConditionMgr:1039 - genDependencies : Invalid condition id : UX DEVICE CLASS RTOS Condition cause : null
2024-08-26 11:24:07,781 [WARN] PackLoader:240 - Cannot read IP mode file for STMicroelectronics.FP-SNS-STBOX1.2.0.0
2024-08-26 11:24:07,795 [WARN] PackLoader:240 - Cannot read IP mode file for STMicroelectronics.X-CUBE-SUBG2.5.0.0
2024-08-26 11:24:07,804 [WARN] PackLoader:240 - Cannot read IP mode file for Cesanta.I-CUBE-Mongoose.7.13.0
2024-08-26 11:24:07,818 [WARN] PackLoader:240 - Cannot read IP mode file for STMicroelectronics.X-CUBE-AZRTOS-G4.2.0.0
2024-08-26 11:24:07,825 [WARN] PackLoader:240 - Cannot read IP mode file for STMicroelectronics.X-CUBE-ISPU.2.0.0
2024-08-26 11:24:07,830 [WARN] PackLoader:240 - Cannot read IP mode file for STMicroelectronics.X-CUBE-ALS.1.0.2
2024-08-26 11:24:07,863 [WARN] PackLoader:240 - Cannot read IP mode file for STMicroelectronics.X-CUBE-MEMS1.10.0.0
2024-08-26 11:24:07,959 [WARN] PackLoader:240 - Cannot read IP mode file for STMicroelectronics.X-CUBE-TOUCHGFX.4.24.0
2024-08-26 11:24:07,963 [WARN] PackLoader:240 - Cannot read IP mode file for wolfSSL.I-CUBE-wolfTPM.3.4.0
2024-08-26 11:24:07,970 [WARN] PackLoader:240 - Cannot read IP mode file for portGmbH.I-Cube-SoM-uGOAL.1.1.0
2024-08-26 11:24:07,986 [WARN] PackLoader:240 - Cannot read IP mode file for STMicroelectronics.X-CUBE-AZRTOS-H7RS.1.0.0
2024-08-26 11:24:07,993 [WARN] PackLoader:240 - Cannot read IP mode file for STMicroelectronics.FP-ATR-ASTRA1.2.0.0
2024-08-26 11:24:08,001 [WARN] PackLoader:240 - Cannot read IP mode file for STMicroelectronics.X-CUBE-TOF1.3.4.2
2024-08-26 11:24:08,013 [WARN] PackLoader:240 - Cannot read IP mode file for STMicroelectronics.X-CUBE-TOF1.3.4.1
2024-08-26 11:24:08,034 [WARN] PackLoader:240 - Cannot read IP mode file for STMicroelectronics.X-CUBE-AZRTOS-H7.3.2.0
2024-08-26 11:24:08,056 [WARN] PackLoader:240 - Cannot read IP mode file for Infineon.AIROC-Wi-Fi-Bluetooth-STM32.1.6.0
2024-08-26 11:24:08,062 [WARN] PackLoader:240 - Cannot read IP mode file for wolfSSL.I-CUBE-wolfSSH.1.4.17
2024-08-26 11:24:08,063 [INFO] ThirdParty:978 - Integrity check success = true
2024-08-26 11:24:08,063 [INFO] IntegrityCheckThread:100 - exiting critical section [integrity check]
2024-08-26 11:24:08,064 [INFO] IntegrityCheckThread:103 - End integrity checks thread
2024-08-26 21:50:37,704 [ERROR] LogOutputStream:75 - [STDERR_REDIRECT] 
2024-08-26 21:50:37,705 [ERROR] LogOutputStream:75 - [STDERR_REDIRECT] 
