2024-08-27 10:29:44,665 [INFO] Activator:176 - 


2024-08-27 10:29:44,673 [INFO] Activator:177 - !SESSION log4j initialized
2024-08-27 10:29:50,573 [INFO] LogOutputStream:77 - [STDOUT_REDIRECT] 
2024-08-27 10:29:53,258 [INFO] ApplicationProperties:184 - Using Application install path: C:\ST\STM32CubeIDE_1.15.1\STM32CubeIDE\plugins\com.st.stm32cube.common.mx_6.11.1.202404110753
2024-08-27 10:29:53,275 [INFO] DbMcusXml:78 - Set database path to: C:\ST\STM32CubeIDE_1.15.1\STM32CubeIDE\plugins\com.st.stm32cube.common.mx_6.11.1.202404110753\\db\/mcu/
2024-08-27 10:29:53,276 [INFO] ApiDb:274 - Set plugin database path to: C:\ST\STM32CubeIDE_1.15.1\STM32CubeIDE\plugins\com.st.stm32cube.common.mx_6.11.1.202404110753\\db\/plugins/boardmanager/
2024-08-27 10:29:53,276 [WARN] ApiDb:259 - Overriding images path with different value:  => C:\ST\STM32CubeIDE_1.15.1\STM32CubeIDE\plugins\com.st.stm32cube.common.mx_6.11.1.202404110753\\db\/plugins/mcufinder/images/
2024-08-27 10:29:53,290 [INFO] ApiDb:250 - Set database path to: C:\Users\Lenovo\.stmcufinder\plugins\mcufinder//mcu/
2024-08-27 10:29:53,291 [INFO] DbMcusAds:125 - Set database path to: C:\Users\Lenovo\.stmcufinder\plugins\mcufinder//mcu/
2024-08-27 10:29:53,292 [INFO] CrossReferenceDbSqlite:203 - Set database path to: C:\Users\Lenovo\.stmcufinder\plugins\mcufinder//mcu/cs/
2024-08-27 10:29:53,394 [INFO] RulesReader:64 - Compatibility file has been processed (297 Rules)
2024-08-27 10:29:53,465 [INFO] DbMcusXml:78 - Set database path to: C:\ST\STM32CubeIDE_1.15.1\STM32CubeIDE\plugins\com.st.stm32cube.common.mx_6.11.1.202404110753\\db\/mcu/
2024-08-27 10:29:53,466 [INFO] ApiDb:274 - Set plugin database path to: C:\ST\STM32CubeIDE_1.15.1\STM32CubeIDE\plugins\com.st.stm32cube.common.mx_6.11.1.202404110753\\db\/plugins/boardmanager/
2024-08-27 10:29:53,466 [INFO] ApiDb:261 - Set plugin images path to: C:\ST\STM32CubeIDE_1.15.1\STM32CubeIDE\plugins\com.st.stm32cube.common.mx_6.11.1.202404110753\\db\/plugins/mcufinder/images/
2024-08-27 10:29:53,466 [WARN] DbFile:41 - Overriding database path with different value: C:\Users\Lenovo\.stmcufinder\plugins\mcufinder/ => C:\Users\Lenovo\.stmcufinder\plugins\mcufinder
2024-08-27 10:29:53,466 [INFO] ApiDb:250 - Set database path to: C:\Users\Lenovo\.stmcufinder\plugins\mcufinder//mcu/
2024-08-27 10:29:53,466 [WARN] DbFile:41 - Overriding database path with different value: C:\Users\Lenovo\.stmcufinder\plugins\mcufinder/ => C:\Users\Lenovo\.stmcufinder\plugins\mcufinder
2024-08-27 10:29:53,466 [INFO] DbMcusAds:125 - Set database path to: C:\Users\Lenovo\.stmcufinder\plugins\mcufinder//mcu/
2024-08-27 10:29:53,466 [WARN] DbFile:41 - Overriding database path with different value: C:\Users\Lenovo\.stmcufinder\plugins\mcufinder/ => C:\Users\Lenovo\.stmcufinder\plugins\mcufinder
2024-08-27 10:29:53,466 [WARN] DbFile:41 - Overriding database path with different value: C:\Users\Lenovo\.stmcufinder\plugins\mcufinder/ => C:\Users\Lenovo\.stmcufinder\plugins\mcufinder
2024-08-27 10:29:53,466 [INFO] CrossReferenceDbSqlite:203 - Set database path to: C:\Users\Lenovo\.stmcufinder\plugins\mcufinder//mcu/cs/
2024-08-27 10:29:53,533 [INFO] MainPanel:264 - HeapMemory: 268435456
2024-08-27 10:29:53,611 [INFO] DbMcusXml:78 - Set database path to: C:\ST\STM32CubeIDE_1.15.1\STM32CubeIDE\plugins\com.st.stm32cube.common.mx_6.11.1.202404110753\\db\/mcu/
2024-08-27 10:29:53,611 [INFO] ApiDb:274 - Set plugin database path to: C:\ST\STM32CubeIDE_1.15.1\STM32CubeIDE\plugins\com.st.stm32cube.common.mx_6.11.1.202404110753\\db\/plugins/boardmanager/
2024-08-27 10:29:53,611 [INFO] ApiDb:261 - Set plugin images path to: C:\ST\STM32CubeIDE_1.15.1\STM32CubeIDE\plugins\com.st.stm32cube.common.mx_6.11.1.202404110753\\db\/plugins/mcufinder/images/
2024-08-27 10:29:53,612 [WARN] DbFile:41 - Overriding database path with different value: C:\Users\Lenovo\.stmcufinder\plugins\mcufinder/ => C:\Users\Lenovo\.stmcufinder\plugins\mcufinder
2024-08-27 10:29:53,612 [INFO] ApiDb:250 - Set database path to: C:\Users\Lenovo\.stmcufinder\plugins\mcufinder//mcu/
2024-08-27 10:29:53,612 [WARN] DbFile:41 - Overriding database path with different value: C:\Users\Lenovo\.stmcufinder\plugins\mcufinder/ => C:\Users\Lenovo\.stmcufinder\plugins\mcufinder
2024-08-27 10:29:53,612 [INFO] DbMcusAds:125 - Set database path to: C:\Users\Lenovo\.stmcufinder\plugins\mcufinder//mcu/
2024-08-27 10:29:53,612 [WARN] DbFile:41 - Overriding database path with different value: C:\Users\Lenovo\.stmcufinder\plugins\mcufinder/ => C:\Users\Lenovo\.stmcufinder\plugins\mcufinder
2024-08-27 10:29:53,612 [WARN] DbFile:41 - Overriding database path with different value: C:\Users\Lenovo\.stmcufinder\plugins\mcufinder/ => C:\Users\Lenovo\.stmcufinder\plugins\mcufinder
2024-08-27 10:29:53,612 [INFO] CrossReferenceDbSqlite:203 - Set database path to: C:\Users\Lenovo\.stmcufinder\plugins\mcufinder//mcu/cs/
2024-08-27 10:29:53,627 [INFO] ApplicationProperties:184 - Using Application install path: C:\ST\STM32CubeIDE_1.15.1\STM32CubeIDE\plugins\com.st.stm32cube.common.mx_6.11.1.202404110753
2024-08-27 10:29:53,628 [INFO] PluginManage:196 - Search for loadable plugins [exclusion list=, ]
2024-08-27 10:29:53,629 [INFO] PluginManage:310 - Check plugin analytics
2024-08-27 10:29:53,778 [INFO] AnalyticsPlugin:253 - Accepted Software Licenses: STM32CubeMX.6.11.1
2024-08-27 10:29:53,778 [INFO] AnalyticsPlugin:255 - Accepted CMSIS Pack Licenses: 
2024-08-27 10:29:53,778 [INFO] AnalyticsPlugin:257 - Accepted Firmware Licenses: FW.F4.1.28.0
2024-08-27 10:29:53,780 [INFO] PluginManage:359 - Loaded plugin analytics (category:tool,tabindex:-1)
2024-08-27 10:29:53,780 [INFO] PluginManage:310 - Check plugin cadmodel
2024-08-27 10:29:53,794 [INFO] CADModel:105 - Init CAD model plugin
2024-08-27 10:29:53,794 [INFO] PluginManage:359 - Loaded plugin cadmodel (category:power,tabindex:5)
2024-08-27 10:29:53,794 [INFO] PluginManage:310 - Check plugin clock
2024-08-27 10:29:53,813 [INFO] PluginManage:359 - Loaded plugin clock (category:base,tabindex:2)
2024-08-27 10:29:53,813 [INFO] PluginManage:310 - Check plugin ddr
2024-08-27 10:29:53,815 [INFO] PluginManage:359 - Loaded plugin ddr (category:tool,tabindex:6)
2024-08-27 10:29:53,816 [INFO] PluginManage:310 - Check plugin filemanager
2024-08-27 10:29:53,941 [INFO] PluginManage:359 - Loaded plugin filemanager (category:base,tabindex:10)
2024-08-27 10:29:53,942 [INFO] PluginManage:310 - Check plugin ipmanager
2024-08-27 10:29:53,948 [INFO] PluginManage:359 - Loaded plugin ipmanager (category:base,tabindex:5)
2024-08-27 10:29:53,949 [INFO] PluginManage:310 - Check plugin lpbam
2024-08-27 10:29:53,966 [INFO] PluginManage:359 - Loaded plugin lpbam (category:base,tabindex:0)
2024-08-27 10:29:53,966 [INFO] PluginManage:310 - Check plugin memorymap
2024-08-27 10:29:53,987 [INFO] PluginManage:359 - Loaded plugin memorymap (category:base,tabindex:4)
2024-08-27 10:29:53,987 [INFO] PluginManage:310 - Check plugin pinoutandconfiguration
2024-08-27 10:29:54,002 [INFO] PluginManage:359 - Loaded plugin pinoutandconfiguration (category:base,tabindex:1)
2024-08-27 10:29:54,002 [INFO] PluginManage:310 - Check plugin pinoutconfig
2024-08-27 10:29:54,086 [WARN] SupportedApi:132 - Cannot load RTOS API schema: s4s-elt-must-match.1: The content of 'definitions' must match (annotation?, (simpleType | complexType)?, (unique | key | keyref)*)). A problem was found starting at: attribute.
2024-08-27 10:29:54,201 [INFO] PluginManage:359 - Loaded plugin pinoutconfig (category:base,tabindex:0)
2024-08-27 10:29:54,201 [INFO] PluginManage:310 - Check plugin power
2024-08-27 10:29:54,218 [INFO] PluginManage:359 - Loaded plugin power (category:power,tabindex:4)
2024-08-27 10:29:54,218 [INFO] PluginManage:310 - Check plugin projectmanager
2024-08-27 10:29:54,230 [INFO] PluginManage:359 - Loaded plugin projectmanager (category:projectmanager,tabindex:3)
2024-08-27 10:29:54,230 [INFO] PluginManage:310 - Check plugin thirdparty
2024-08-27 10:29:54,457 [INFO] PluginManage:359 - Loaded plugin thirdparty (category:base,tabindex:-1)
2024-08-27 10:29:54,457 [INFO] PluginManage:310 - Check plugin tools
2024-08-27 10:29:54,457 [WARN] IntegrityCheckThread:84 - waiting for thirdparty lock release [integrity check]
2024-08-27 10:29:54,457 [INFO] IntegrityCheckThread:86 - entering critical section [integrity check]
2024-08-27 10:29:54,459 [INFO] ThirdPartyUpdaterWithRetryManager:70 - Updater plugin not ready yet. [1/15]
2024-08-27 10:29:54,486 [INFO] PluginManage:359 - Loaded plugin tools (category:base,tabindex:7)
2024-08-27 10:29:54,486 [INFO] PluginManage:310 - Check plugin tutovideos
2024-08-27 10:29:54,643 [INFO] PluginManage:359 - Loaded plugin tutovideos (category:base,tabindex:-1)
2024-08-27 10:29:54,644 [INFO] PluginManage:310 - Check plugin updater
2024-08-27 10:29:54,653 [INFO] PluginManage:359 - Loaded plugin updater (category:base,tabindex:12)
2024-08-27 10:29:54,653 [INFO] PluginManage:310 - Check plugin userauth
2024-08-27 10:29:54,657 [INFO] UserAuth:114 - Init User Auth plugin
2024-08-27 10:29:54,658 [INFO] PluginManage:359 - Loaded plugin userauth (category:base,tabindex:14)
2024-08-27 10:29:54,658 [INFO] PluginManage:283 - PluginManage : Loaded plugins [17]
2024-08-27 10:29:54,835 [INFO] PinOutPanel:1561 - setPackage(No Configuration,No Configuration)
2024-08-27 10:29:54,907 [INFO] CADModel:165 - CPN selected for project level
2024-08-27 10:29:54,907 [INFO] CADModel:114 - Register for checkConnection events
2024-08-27 10:29:54,935 [INFO] IPUIPlugin:80 - create IPUIPlugin
2024-08-27 10:29:54,935 [INFO] PluginManager:220 - loadIPPluginJar : add adc
2024-08-27 10:29:54,966 [INFO] IPUIPlugin:80 - create IPUIPlugin
2024-08-27 10:29:54,967 [INFO] PluginManager:220 - loadIPPluginJar : add aes
2024-08-27 10:29:54,999 [INFO] IPUIPlugin:80 - create IPUIPlugin
2024-08-27 10:29:54,999 [INFO] PluginManager:220 - loadIPPluginJar : add can
2024-08-27 10:29:55,019 [INFO] IPUIPlugin:80 - create IPUIPlugin
2024-08-27 10:29:55,019 [INFO] PluginManager:220 - loadIPPluginJar : add comp
2024-08-27 10:29:55,046 [INFO] IPUIPlugin:80 - create IPUIPlugin
2024-08-27 10:29:55,046 [INFO] PluginManager:220 - loadIPPluginJar : add cryp
2024-08-27 10:29:55,069 [INFO] IPUIPlugin:80 - create IPUIPlugin
2024-08-27 10:29:55,070 [INFO] PluginManager:220 - loadIPPluginJar : add dfsdm
2024-08-27 10:29:55,081 [INFO] IPUIPlugin:80 - create IPUIPlugin
2024-08-27 10:29:55,082 [INFO] PluginManager:220 - loadIPPluginJar : add dma
2024-08-27 10:29:55,117 [INFO] IPUIPlugin:80 - create IPUIPlugin
2024-08-27 10:29:55,117 [INFO] PluginManager:220 - loadIPPluginJar : add dma3
2024-08-27 10:29:55,153 [INFO] IPUIPlugin:80 - create IPUIPlugin
2024-08-27 10:29:55,153 [INFO] PluginManager:220 - loadIPPluginJar : add extmemmanager
2024-08-27 10:29:55,171 [INFO] IPUIPlugin:80 - create IPUIPlugin
2024-08-27 10:29:55,171 [INFO] PluginManager:220 - loadIPPluginJar : add fatfs
2024-08-27 10:29:55,207 [INFO] IPUIPlugin:80 - create IPUIPlugin
2024-08-27 10:29:55,208 [INFO] PluginManager:220 - loadIPPluginJar : add fmc
2024-08-27 10:29:55,221 [INFO] IPUIPlugin:80 - create IPUIPlugin
2024-08-27 10:29:55,221 [INFO] PluginManager:220 - loadIPPluginJar : add freertos
2024-08-27 10:29:55,239 [INFO] IPUIPlugin:80 - create IPUIPlugin
2024-08-27 10:29:55,239 [INFO] PluginManager:220 - loadIPPluginJar : add genericplugin
2024-08-27 10:29:55,309 [INFO] IPUIPlugin:80 - create IPUIPlugin
2024-08-27 10:29:55,309 [INFO] PluginManager:220 - loadIPPluginJar : add gfxmmu
2024-08-27 10:29:55,421 [INFO] IPUIPlugin:80 - create IPUIPlugin
2024-08-27 10:29:55,421 [INFO] PluginManager:220 - loadIPPluginJar : add gic
2024-08-27 10:29:55,432 [INFO] IPUIPlugin:80 - create IPUIPlugin
2024-08-27 10:29:55,432 [INFO] PluginManager:220 - loadIPPluginJar : add gpio
2024-08-27 10:29:55,505 [INFO] IPUIPlugin:80 - create IPUIPlugin
2024-08-27 10:29:55,505 [INFO] PluginManager:220 - loadIPPluginJar : add gtzc
2024-08-27 10:29:55,533 [INFO] IPUIPlugin:80 - create IPUIPlugin
2024-08-27 10:29:55,533 [INFO] PluginManager:220 - loadIPPluginJar : add hash
2024-08-27 10:29:55,576 [INFO] IPUIPlugin:80 - create IPUIPlugin
2024-08-27 10:29:55,576 [INFO] PluginManager:220 - loadIPPluginJar : add i2c
2024-08-27 10:29:55,609 [INFO] IPUIPlugin:80 - create IPUIPlugin
2024-08-27 10:29:55,609 [INFO] PluginManager:220 - loadIPPluginJar : add i2s
2024-08-27 10:29:55,644 [INFO] IPUIPlugin:80 - create IPUIPlugin
2024-08-27 10:29:55,644 [INFO] PluginManager:220 - loadIPPluginJar : add i3c
2024-08-27 10:29:55,729 [INFO] IPUIPlugin:80 - create IPUIPlugin
2024-08-27 10:29:55,729 [INFO] PluginManager:220 - loadIPPluginJar : add ipddr
2024-08-27 10:29:55,803 [INFO] IPUIPlugin:80 - create IPUIPlugin
2024-08-27 10:29:55,803 [INFO] PluginManager:220 - loadIPPluginJar : add linkedlist
2024-08-27 10:29:55,831 [INFO] IPUIPlugin:80 - create IPUIPlugin
2024-08-27 10:29:55,831 [INFO] PluginManager:220 - loadIPPluginJar : add lorawan
2024-08-27 10:29:55,862 [INFO] IPUIPlugin:80 - create IPUIPlugin
2024-08-27 10:29:55,862 [INFO] PluginManager:220 - loadIPPluginJar : add ltdc
2024-08-27 10:29:55,876 [INFO] IPUIPlugin:80 - create IPUIPlugin
2024-08-27 10:29:55,876 [INFO] PluginManager:220 - loadIPPluginJar : add mdma
2024-08-27 10:29:55,886 [INFO] IPUIPlugin:80 - create IPUIPlugin
2024-08-27 10:29:55,886 [INFO] PluginManager:220 - loadIPPluginJar : add nvic
2024-08-27 10:29:55,915 [INFO] IPUIPlugin:80 - create IPUIPlugin
2024-08-27 10:29:55,915 [INFO] PluginManager:220 - loadIPPluginJar : add opamp
2024-08-27 10:29:55,961 [INFO] IPUIPlugin:80 - create IPUIPlugin
2024-08-27 10:29:55,961 [INFO] PluginManager:220 - loadIPPluginJar : add openamp
2024-08-27 10:29:55,997 [INFO] IPUIPlugin:80 - create IPUIPlugin
2024-08-27 10:29:55,997 [INFO] PluginManager:220 - loadIPPluginJar : add pdm2pcm
2024-08-27 10:29:56,009 [INFO] IPUIPlugin:80 - create IPUIPlugin
2024-08-27 10:29:56,011 [INFO] PluginManager:220 - loadIPPluginJar : add plateformsettings
2024-08-27 10:29:56,030 [INFO] IPUIPlugin:80 - create IPUIPlugin
2024-08-27 10:29:56,030 [INFO] PluginManager:220 - loadIPPluginJar : add quadspi
2024-08-27 10:29:56,041 [INFO] IPUIPlugin:80 - create IPUIPlugin
2024-08-27 10:29:56,042 [INFO] PluginManager:220 - loadIPPluginJar : add resmgrutility
2024-08-27 10:29:56,083 [INFO] IPUIPlugin:80 - create IPUIPlugin
2024-08-27 10:29:56,083 [INFO] PluginManager:220 - loadIPPluginJar : add sai
2024-08-27 10:29:56,114 [INFO] IPUIPlugin:80 - create IPUIPlugin
2024-08-27 10:29:56,114 [INFO] PluginManager:220 - loadIPPluginJar : add spi
2024-08-27 10:29:56,169 [INFO] IPUIPlugin:80 - create IPUIPlugin
2024-08-27 10:29:56,169 [INFO] PluginManager:220 - loadIPPluginJar : add stm32_wpan
2024-08-27 10:29:56,189 [INFO] IPUIPlugin:80 - create IPUIPlugin
2024-08-27 10:29:56,189 [INFO] PluginManager:220 - loadIPPluginJar : add tim
2024-08-27 10:29:56,235 [INFO] IPUIPlugin:80 - create IPUIPlugin
2024-08-27 10:29:56,235 [INFO] PluginManager:220 - loadIPPluginJar : add touchsensing
2024-08-27 10:29:56,255 [INFO] IPUIPlugin:80 - create IPUIPlugin
2024-08-27 10:29:56,255 [INFO] PluginManager:220 - loadIPPluginJar : add tracer_emb
2024-08-27 10:29:56,275 [INFO] IPUIPlugin:80 - create IPUIPlugin
2024-08-27 10:29:56,276 [INFO] PluginManager:220 - loadIPPluginJar : add ts
2024-08-27 10:29:56,294 [INFO] IPUIPlugin:80 - create IPUIPlugin
2024-08-27 10:29:56,294 [INFO] PluginManager:220 - loadIPPluginJar : add tsc
2024-08-27 10:29:56,312 [INFO] IPUIPlugin:80 - create IPUIPlugin
2024-08-27 10:29:56,312 [INFO] PluginManager:220 - loadIPPluginJar : add ucpd
2024-08-27 10:29:56,349 [INFO] IPUIPlugin:80 - create IPUIPlugin
2024-08-27 10:29:56,349 [INFO] PluginManager:220 - loadIPPluginJar : add usart
2024-08-27 10:29:56,387 [INFO] IPUIPlugin:80 - create IPUIPlugin
2024-08-27 10:29:56,387 [INFO] PluginManager:220 - loadIPPluginJar : add usbx
2024-08-27 10:29:56,501 [INFO] CADModel:165 - CPN selected for project level
2024-08-27 10:29:56,502 [INFO] CADModel:114 - Register for checkConnection events
2024-08-27 10:29:56,502 [FATAL] Updater:308 - Updater called before beeing initialized
2024-08-27 10:29:56,502 [ERROR] CADModel:125 - Updater not yet initialized, retry later 
2024-08-27 10:29:56,620 [INFO] CADModel:165 - CPN selected for project level
2024-08-27 10:29:56,620 [INFO] CADModel:114 - Register for checkConnection events
2024-08-27 10:29:56,620 [FATAL] Updater:308 - Updater called before beeing initialized
2024-08-27 10:29:56,620 [ERROR] CADModel:125 - Updater not yet initialized, retry later 
2024-08-27 10:29:56,623 [FATAL] Updater:308 - Updater called before beeing initialized
2024-08-27 10:29:56,702 [FATAL] Updater:308 - Updater called before beeing initialized
2024-08-27 10:29:56,712 [INFO] DbMcusAds:53 - JSON generation date=Thu May 16 06:22:00 ART 2024 (1715851320852)
2024-08-27 10:29:56,713 [FATAL] Updater:308 - Updater called before beeing initialized
2024-08-27 10:29:56,782 [WARN] DetailPanel:346 - Failed to get advertising image, set to default
2024-08-27 10:29:56,860 [FATAL] Updater:308 - Updater called before beeing initialized
2024-08-27 10:29:56,862 [FATAL] Updater:308 - Updater called before beeing initialized
2024-08-27 10:29:56,862 [FATAL] Updater:308 - Updater called before beeing initialized
2024-08-27 10:29:56,862 [WARN] DetailPanel:346 - Failed to get advertising image, set to default
2024-08-27 10:29:56,863 [FATAL] Updater:308 - Updater called before beeing initialized
2024-08-27 10:29:56,913 [ERROR] Updater:1120 - MainUpdater not yet initialized. External WinMGr cannot be set.
2024-08-27 10:29:56,922 [INFO] Updater:1056 - Updater Version found : 6.11.1
2024-08-27 10:29:56,939 [INFO] ApplicationProperties:184 - Using Application install path: C:\ST\STM32CubeIDE_1.15.1\STM32CubeIDE\plugins\com.st.stm32cube.common.mx_6.11.1.202404110753
2024-08-27 10:29:57,462 [INFO] ThirdPartyUpdaterWithRetryManager:70 - Updater plugin not ready yet. [2/15]
2024-08-27 10:29:58,514 [ERROR] LogOutputStream:75 - [STDERR_REDIRECT] Aug 27, 2024 10:29:58 AM java.util.prefs.WindowsPreferences <init>
2024-08-27 10:29:58,517 [ERROR] LogOutputStream:75 - [STDERR_REDIRECT] WARNING: Could not open/create prefs root node Software\JavaSoft\Prefs at root 0xffffffff80000002. Windows RegCreateKeyEx(...) returned error code 5.
2024-08-27 10:29:58,517 [ERROR] LogOutputStream:75 - [STDERR_REDIRECT] 
2024-08-27 10:29:58,873 [INFO] MainUpdater:2873 - connection check result : 10
2024-08-27 10:29:58,874 [INFO] MainUpdater:290 - Updater Check For Update Now.
2024-08-27 10:29:58,874 [INFO] MicroXplorer:498 - Change Database Version : DB.6.0.111
2024-08-27 10:29:58,888 [INFO] McuFinderGlobals:63 - Set McuFinder mode to 2 (CubeIDE integrated)
2024-08-27 10:29:58,898 [INFO] UserAuth:415 - Internet connection configuration mode: 1
2024-08-27 10:29:58,928 [INFO] JxBrowserEngine:152 - Initiate JxBrowser Engine with user profile folder
2024-08-27 10:29:59,058 [INFO] CheckServerUpdateThread:120 - End of CheckServer Thread
2024-08-27 10:30:00,620 [WARN] PackLoader:240 - Cannot read IP mode file for STMicroelectronics.FP-SNS-MOTENVWB1.1.4.0
2024-08-27 10:30:00,635 [WARN] PackLoader:240 - Cannot read IP mode file for STMicroelectronics.X-CUBE-SMBUS.2.1.0
2024-08-27 10:30:00,645 [WARN] PackLoader:240 - Cannot read IP mode file for STMicroelectronics.X-CUBE-TOUCHGFX.4.23.2
2024-08-27 10:30:00,677 [WARN] PackLoader:240 - Cannot read IP mode file for STMicroelectronics.X-CUBE-AZRTOS-F7.1.1.0
2024-08-27 10:30:00,742 [WARN] PackLoader:240 - Cannot read IP mode file for STMicroelectronics.X-CUBE-MEMS1.11.0.0
2024-08-27 10:30:00,847 [WARN] PackLoader:240 - Cannot read IP mode file for STMicroelectronics.FP-SNS-FLIGHT1.5.0.2
2024-08-27 10:30:00,864 [WARN] PackLoader:240 - Cannot read IP mode file for STMicroelectronics.X-CUBE-DISPLAY.3.0.0
2024-08-27 10:30:00,883 [WARN] PackLoader:240 - Cannot read IP mode file for STMicroelectronics.X-CUBE-BLE1.7.0.0
2024-08-27 10:30:00,896 [WARN] PackLoader:240 - Cannot read IP mode file for emotas.I-CUBE-CANOPEN.1.3.0
2024-08-27 10:30:00,912 [WARN] PackLoader:240 - Cannot read IP mode file for STMicroelectronics.X-CUBE-BLEMGR.3.1.0
2024-08-27 10:30:00,928 [WARN] PackLoader:240 - Cannot read IP mode file for STMicroelectronics.FP-SNS-SMARTAG2.1.2.0
2024-08-27 10:30:00,950 [INFO] LogOutputStream:77 - [STDOUT_REDIRECT] 1 : Invalid condition id : UX_CORESTACK_Condition cause : null
2024-08-27 10:30:00,951 [INFO] LogOutputStream:77 - [STDOUT_REDIRECT] 1 : Invalid condition id : UX_CORESTACK_Condition cause : null
2024-08-27 10:30:00,952 [INFO] LogOutputStream:77 - [STDOUT_REDIRECT] 1 : Invalid condition id : UX_CORESTACK_Condition cause : null
2024-08-27 10:30:00,952 [INFO] LogOutputStream:77 - [STDOUT_REDIRECT] 1 : Invalid condition id : UX_CORESTACK_Condition cause : null
2024-08-27 10:30:00,953 [INFO] LogOutputStream:77 - [STDOUT_REDIRECT] 1 : Invalid condition id : UX_CORESTACK_Condition cause : null
2024-08-27 10:30:00,954 [WARN] PackLoader:240 - Cannot read IP mode file for STMicroelectronics.X-CUBE-AZRTOS-WL.2.0.0
2024-08-27 10:30:00,967 [WARN] PackLoader:240 - Cannot read IP mode file for STMicroelectronics.FP-SNS-MOTENV1.5.0.0
2024-08-27 10:30:00,980 [WARN] PackLoader:240 - Cannot read IP mode file for wolfSSL.I-CUBE-wolfMQTT.1.19.0
2024-08-27 10:30:00,997 [WARN] PackLoader:240 - Cannot read IP mode file for WES.I-CUBE-Cesium.1.3.0
2024-08-27 10:30:01,008 [WARN] PackLoader:240 - Cannot read IP mode file for STMicroelectronics.X-CUBE-BLE2.3.3.0
2024-08-27 10:30:01,022 [WARN] PackLoader:240 - Cannot read IP mode file for STMicroelectronics.X-CUBE-TCPP.4.1.0
2024-08-27 10:30:01,047 [WARN] PackLoader:240 - Cannot read IP mode file for STMicroelectronics.X-CUBE-AZRTOS-G0.1.1.0
2024-08-27 10:30:01,063 [WARN] PackLoader:240 - Cannot read IP mode file for STMicroelectronics.X-CUBE-SAFEA1.1.2.2
2024-08-27 10:30:01,080 [WARN] PackLoader:240 - Cannot read IP mode file for STMicroelectronics.X-CUBE-NFC4.3.0.0
2024-08-27 10:30:01,101 [WARN] PackLoader:240 - Cannot read IP mode file for EmbeddedOffice.I-CUBE-FS-RTOS.1.0.1
2024-08-27 10:30:01,101 [ERROR] ConditionMgr:805 - Attr not supported : Dmpu
2024-08-27 10:30:01,102 [ERROR] ConditionMgr:805 - Attr not supported : Dmpu
2024-08-27 10:30:01,102 [ERROR] ConditionMgr:805 - Attr not supported : Dmpu
2024-08-27 10:30:01,102 [ERROR] ConditionMgr:805 - Attr not supported : Dmpu
2024-08-27 10:30:01,102 [ERROR] ConditionMgr:805 - Attr not supported : Dmpu
2024-08-27 10:30:01,102 [ERROR] ConditionMgr:805 - Attr not supported : Dmpu
2024-08-27 10:30:01,102 [ERROR] ConditionMgr:805 - Attr not supported : Dmpu
2024-08-27 10:30:01,102 [ERROR] ConditionMgr:805 - Attr not supported : Dmpu
2024-08-27 10:30:01,102 [ERROR] ConditionMgr:805 - Attr not supported : Dmpu
2024-08-27 10:30:01,103 [ERROR] ConditionMgr:805 - Attr not supported : Dmpu
2024-08-27 10:30:01,103 [ERROR] ConditionMgr:805 - Attr not supported : Dmpu
2024-08-27 10:30:01,103 [ERROR] ConditionMgr:805 - Attr not supported : Dmpu
2024-08-27 10:30:01,103 [ERROR] ConditionMgr:805 - Attr not supported : Dmpu
2024-08-27 10:30:01,103 [ERROR] ConditionMgr:805 - Attr not supported : Dmpu
2024-08-27 10:30:01,103 [ERROR] ConditionMgr:805 - Attr not supported : Dmpu
2024-08-27 10:30:01,103 [ERROR] ConditionMgr:805 - Attr not supported : Dmpu
2024-08-27 10:30:01,103 [ERROR] ConditionMgr:805 - Attr not supported : Dmpu
2024-08-27 10:30:01,103 [ERROR] ConditionMgr:805 - Attr not supported : Dmpu
2024-08-27 10:30:01,103 [ERROR] ConditionMgr:805 - Attr not supported : Dmpu
2024-08-27 10:30:01,103 [ERROR] ConditionMgr:805 - Attr not supported : Dmpu
2024-08-27 10:30:01,103 [ERROR] ConditionMgr:805 - Attr not supported : Dmpu
2024-08-27 10:30:01,103 [ERROR] ConditionMgr:805 - Attr not supported : Dmpu
2024-08-27 10:30:01,103 [ERROR] ConditionMgr:805 - Attr not supported : Dmpu
2024-08-27 10:30:01,103 [ERROR] ConditionMgr:805 - Attr not supported : Dmpu
2024-08-27 10:30:01,103 [ERROR] ConditionMgr:805 - Attr not supported : Dmpu
2024-08-27 10:30:01,105 [ERROR] ConditionMgr:805 - Attr not supported : Dmpu
2024-08-27 10:30:01,105 [ERROR] ConditionMgr:805 - Attr not supported : Dmpu
2024-08-27 10:30:01,105 [ERROR] ConditionMgr:805 - Attr not supported : Dmpu
2024-08-27 10:30:01,105 [ERROR] ConditionMgr:805 - Attr not supported : Dmpu
2024-08-27 10:30:01,105 [ERROR] ConditionMgr:805 - Attr not supported : Dmpu
2024-08-27 10:30:01,105 [ERROR] ConditionMgr:805 - Attr not supported : Dmpu
2024-08-27 10:30:01,105 [ERROR] ConditionMgr:805 - Attr not supported : Dmpu
2024-08-27 10:30:01,105 [ERROR] ConditionMgr:805 - Attr not supported : Dmpu
2024-08-27 10:30:01,105 [ERROR] ConditionMgr:805 - Attr not supported : Dmpu
2024-08-27 10:30:01,105 [ERROR] ConditionMgr:805 - Attr not supported : Dmpu
2024-08-27 10:30:01,105 [ERROR] ConditionMgr:805 - Attr not supported : Dmpu
2024-08-27 10:30:01,106 [ERROR] ConditionMgr:805 - Attr not supported : Dmpu
2024-08-27 10:30:01,106 [ERROR] ConditionMgr:805 - Attr not supported : Dmpu
2024-08-27 10:30:01,106 [ERROR] ConditionMgr:805 - Attr not supported : Dmpu
2024-08-27 10:30:01,106 [ERROR] ConditionMgr:805 - Attr not supported : Dmpu
2024-08-27 10:30:01,106 [ERROR] ConditionMgr:805 - Attr not supported : Dmpu
2024-08-27 10:30:01,106 [ERROR] ConditionMgr:805 - Attr not supported : Dmpu
2024-08-27 10:30:01,106 [ERROR] ConditionMgr:805 - Attr not supported : Dmpu
2024-08-27 10:30:01,106 [ERROR] ConditionMgr:805 - Attr not supported : Dmpu
2024-08-27 10:30:01,106 [ERROR] ConditionMgr:805 - Attr not supported : Dmpu
2024-08-27 10:30:01,106 [ERROR] ConditionMgr:805 - Attr not supported : Dmpu
2024-08-27 10:30:01,106 [ERROR] ConditionMgr:805 - Attr not supported : Dmpu
2024-08-27 10:30:01,106 [ERROR] ConditionMgr:805 - Attr not supported : Dmpu
2024-08-27 10:30:01,107 [ERROR] ConditionMgr:805 - Attr not supported : Dmpu
2024-08-27 10:30:01,107 [ERROR] ConditionMgr:805 - Attr not supported : Dmpu
2024-08-27 10:30:01,107 [ERROR] ConditionMgr:805 - Attr not supported : Dmpu
2024-08-27 10:30:01,107 [ERROR] ConditionMgr:805 - Attr not supported : Dmpu
2024-08-27 10:30:01,107 [ERROR] ConditionMgr:805 - Attr not supported : Dmpu
2024-08-27 10:30:01,107 [ERROR] ConditionMgr:805 - Attr not supported : Dmpu
2024-08-27 10:30:01,108 [ERROR] ConditionMgr:805 - Attr not supported : Dmpu
2024-08-27 10:30:01,108 [ERROR] ConditionMgr:805 - Attr not supported : Dmpu
2024-08-27 10:30:01,108 [ERROR] ConditionMgr:805 - Attr not supported : Dmpu
2024-08-27 10:30:01,108 [ERROR] ConditionMgr:805 - Attr not supported : Dmpu
2024-08-27 10:30:01,108 [ERROR] ConditionMgr:805 - Attr not supported : Dmpu
2024-08-27 10:30:01,108 [ERROR] ConditionMgr:805 - Attr not supported : Dmpu
2024-08-27 10:30:01,108 [ERROR] ConditionMgr:805 - Attr not supported : Dmpu
2024-08-27 10:30:01,108 [ERROR] ConditionMgr:805 - Attr not supported : Dmpu
2024-08-27 10:30:01,108 [ERROR] ConditionMgr:805 - Attr not supported : Dmpu
2024-08-27 10:30:01,108 [ERROR] ConditionMgr:805 - Attr not supported : Dmpu
2024-08-27 10:30:01,125 [WARN] PackLoader:240 - Cannot read IP mode file for RealThread.X-CUBE-RT-Thread_Nano.4.1.1
2024-08-27 10:30:01,137 [WARN] PackLoader:240 - Cannot read IP mode file for wolfSSL.I-CUBE-wolfSSL.5.7.0
2024-08-27 10:30:01,152 [WARN] PackLoader:240 - Cannot read IP mode file for STMicroelectronics.FP-ATR-SIGFOX1.3.2.0
2024-08-27 10:30:01,166 [WARN] PackLoader:240 - Cannot read IP mode file for STMicroelectronics.X-CUBE-EEPRMA1.5.1.0
2024-08-27 10:30:01,182 [WARN] PackLoader:240 - Cannot read IP mode file for ITTIA_DB.I-CUBE-ITTIADB.8.9.0
2024-08-27 10:30:01,216 [WARN] PackLoader:240 - Cannot read IP mode file for SEGGER.I-CUBE-embOS.1.3.1
2024-08-27 10:30:01,251 [WARN] PackLoader:240 - Cannot read IP mode file for STMicroelectronics.X-CUBE-ALGOBUILD.1.4.0
2024-08-27 10:30:01,264 [WARN] PackLoader:240 - Cannot read IP mode file for STMicroelectronics.X-CUBE-GNSS1.6.0.0
2024-08-27 10:30:01,286 [WARN] PackLoader:240 - Cannot read IP mode file for STMicroelectronics.X-CUBE-AZRTOS-F4.1.1.0
2024-08-27 10:30:01,298 [WARN] PackLoader:240 - Cannot read IP mode file for STMicroelectronics.X-CUBE-FREERTOS.1.2.0
2024-08-27 10:30:01,326 [WARN] PackLoader:240 - Cannot read IP mode file for STMicroelectronics.X-CUBE-AZRTOS-L5.2.0.0
2024-08-27 10:30:01,349 [WARN] PackLoader:240 - Cannot read IP mode file for STMicroelectronics.X-CUBE-NFC6.3.1.0
2024-08-27 10:30:01,368 [WARN] PackLoader:240 - Cannot read IP mode file for STMicroelectronics.X-CUBE-DPower.1.2.0
2024-08-27 10:30:01,394 [WARN] PackLoader:240 - Cannot read IP mode file for STMicroelectronics.X-CUBE-AI.9.0.0
2024-08-27 10:30:01,410 [WARN] PackLoader:240 - Cannot read IP mode file for STMicroelectronics.X-CUBE-NFC7.1.0.1
2024-08-27 10:30:01,436 [WARN] ConditionMgr:438 - getConditionDescription Invalid condition id : LAN8742 Phy interface Condition cause : null
2024-08-27 10:30:01,437 [WARN] PackLoader:240 - Cannot read IP mode file for STMicroelectronics.X-CUBE-AZRTOS-L4.2.0.0
2024-08-27 10:30:01,438 [WARN] ConditionMgr:1039 - genDependencies : Invalid condition id : LAN8742 Phy interface Condition cause : null
2024-08-27 10:30:01,438 [WARN] ConditionMgr:1039 - genDependencies : Invalid condition id : LAN8742 Phy interface Condition cause : null
2024-08-27 10:30:01,439 [WARN] ConditionMgr:1039 - genDependencies : Invalid condition id : LAN8742 Phy interface Condition cause : null
2024-08-27 10:30:01,457 [WARN] PackLoader:240 - Cannot read IP mode file for STMicroelectronics.X-CUBE-SFXS2LP1.4.0.0
2024-08-27 10:30:01,490 [WARN] PackLoader:240 - Cannot read IP mode file for STMicroelectronics.X-CUBE-AZRTOS-H7.3.3.0
2024-08-27 10:30:01,514 [WARN] ConditionMgr:438 - getConditionDescription Invalid condition id : UX DEVICE CLASS RTOS Condition cause : null
2024-08-27 10:30:01,514 [WARN] ConditionMgr:438 - getConditionDescription Invalid condition id : UX DEVICE CLASS RTOS Condition cause : null
2024-08-27 10:30:01,515 [WARN] PackLoader:240 - Cannot read IP mode file for STMicroelectronics.X-CUBE-AZRTOS-WB.2.0.0
2024-08-27 10:30:01,516 [WARN] ConditionMgr:1039 - genDependencies : Invalid condition id : UX DEVICE CLASS RTOS Condition cause : null
2024-08-27 10:30:01,516 [WARN] ConditionMgr:1039 - genDependencies : Invalid condition id : UX DEVICE CLASS RTOS Condition cause : null
2024-08-27 10:30:01,516 [WARN] ConditionMgr:1039 - genDependencies : Invalid condition id : UX DEVICE CLASS RTOS Condition cause : null
2024-08-27 10:30:01,517 [WARN] ConditionMgr:1039 - genDependencies : Invalid condition id : UX DEVICE CLASS RTOS Condition cause : null
2024-08-27 10:30:01,517 [WARN] ConditionMgr:1039 - genDependencies : Invalid condition id : UX DEVICE CLASS RTOS Condition cause : null
2024-08-27 10:30:01,531 [WARN] PackLoader:240 - Cannot read IP mode file for STMicroelectronics.FP-SNS-STBOX1.2.0.0
2024-08-27 10:30:01,552 [WARN] PackLoader:240 - Cannot read IP mode file for STMicroelectronics.X-CUBE-SUBG2.5.0.0
2024-08-27 10:30:01,570 [WARN] PackLoader:240 - Cannot read IP mode file for Cesanta.I-CUBE-Mongoose.7.13.0
2024-08-27 10:30:01,594 [WARN] PackLoader:240 - Cannot read IP mode file for STMicroelectronics.X-CUBE-AZRTOS-G4.2.0.0
2024-08-27 10:30:01,608 [WARN] PackLoader:240 - Cannot read IP mode file for STMicroelectronics.X-CUBE-ISPU.2.0.0
2024-08-27 10:30:01,621 [WARN] PackLoader:240 - Cannot read IP mode file for STMicroelectronics.X-CUBE-ALS.1.0.2
2024-08-27 10:30:01,659 [WARN] PackLoader:240 - Cannot read IP mode file for STMicroelectronics.X-CUBE-MEMS1.10.0.0
2024-08-27 10:30:01,755 [WARN] PackLoader:240 - Cannot read IP mode file for STMicroelectronics.X-CUBE-TOUCHGFX.4.24.0
2024-08-27 10:30:01,769 [WARN] PackLoader:240 - Cannot read IP mode file for wolfSSL.I-CUBE-wolfTPM.3.4.0
2024-08-27 10:30:01,783 [WARN] PackLoader:240 - Cannot read IP mode file for portGmbH.I-Cube-SoM-uGOAL.1.1.0
2024-08-27 10:30:01,806 [WARN] PackLoader:240 - Cannot read IP mode file for STMicroelectronics.X-CUBE-AZRTOS-H7RS.1.0.0
2024-08-27 10:30:01,820 [WARN] PackLoader:240 - Cannot read IP mode file for STMicroelectronics.FP-ATR-ASTRA1.2.0.0
2024-08-27 10:30:01,835 [WARN] PackLoader:240 - Cannot read IP mode file for STMicroelectronics.X-CUBE-TOF1.3.4.2
2024-08-27 10:30:01,855 [WARN] PackLoader:240 - Cannot read IP mode file for STMicroelectronics.X-CUBE-TOF1.3.4.1
2024-08-27 10:30:01,885 [WARN] PackLoader:240 - Cannot read IP mode file for STMicroelectronics.X-CUBE-AZRTOS-H7.3.2.0
2024-08-27 10:30:01,906 [WARN] PackLoader:240 - Cannot read IP mode file for Infineon.AIROC-Wi-Fi-Bluetooth-STM32.1.6.0
2024-08-27 10:30:01,920 [WARN] PackLoader:240 - Cannot read IP mode file for wolfSSL.I-CUBE-wolfSSH.1.4.17
2024-08-27 10:30:01,921 [INFO] ThirdParty:978 - Integrity check success = true
2024-08-27 10:30:01,921 [INFO] IntegrityCheckThread:100 - exiting critical section [integrity check]
2024-08-27 10:30:01,921 [INFO] IntegrityCheckThread:103 - End integrity checks thread
2024-08-27 10:30:03,042 [INFO] WebApp:161 - Instantiating new browser for Auth
2024-08-27 10:30:03,482 [INFO] WebApp:779 - Register for checkConnection events
2024-08-27 10:30:03,482 [INFO] WebApp:414 - Apply proxy settings
2024-08-27 10:30:03,483 [INFO] WebApp:499 - Chromium requires no authentication
2024-08-27 10:30:03,489 [INFO] WebApp:442 - Direct internet connection detected
2024-08-27 10:30:03,627 [INFO] WebApp:192 - Starting web application
2024-08-27 10:30:03,627 [INFO] WebApp:544 - Web application path used C:\ST\STM32CubeIDE_1.15.1\STM32CubeIDE\plugins\com.st.stm32cube.common.mx_6.11.1.202404110753\db\plugins\mcufinder\reactClient1\index.html
2024-08-27 11:52:11,537 [ERROR] LogOutputStream:75 - [STDERR_REDIRECT] 
2024-08-27 11:52:11,537 [ERROR] LogOutputStream:75 - [STDERR_REDIRECT] 
